# JRE version: Java(TM) SE Runtime Environment (15.0.2+7) (build 15.0.2+7-27)
# Java VM: Java HotSpot(TM) 64-Bit Server VM (15.0.2+7-27, mixed mode, sharing, tiered, compressed oops, g1 gc, windows-amd64)
GC Precious Log:
 CPUs: 4 total, 4 available
 Memory: 4003M
 Large Page Support: Disabled
 NUMA Support: Disabled
 Compressed Oops: Enabled (32-bit)
 Heap Region Size: 1M
 Heap Min Capacity: 8M
 Heap Initial Capacity: 64M
 Heap Max Capacity: 1002M
 Pre-touch: Disabled
 Parallel Workers: 4
 Concurrent Workers: 1
 Concurrent Refinement Workers: 4
 Periodic GC: Disabled
Heap:
 garbage-first heap   total 135168K, used 57282K [0x00000000c1600000, 0x0000000100000000)
  region size 1024K, 4 young (4096K), 1 survivors (1024K)
 Metaspace       used 11920K, capacity 12152K, committed 12416K, reserved 1060864K
  class space    used 1266K, capacity 1313K, committed 1408K, reserved 1048576K
GC Heap History (20 events):
Event: 45.860 GC heap before
{Heap before GC invocations=457 (full 0):
 garbage-first heap   total 135168K, used 57277K [0x00000000c1600000, 0x0000000100000000)
  region size 1024K, 4 young (4096K), 1 survivors (1024K)
 Metaspace       used 11920K, capacity 12152K, committed 12416K, reserved 1060864K
  class space    used 1266K, capacity 1313K, committed 1408K, reserved 1048576K
}
Event: 45.860 GC heap after
{Heap after GC invocations=458 (full 0):
 garbage-first heap   total 135168K, used 34751K [0x00000000c1600000, 0x0000000100000000)
  region size 1024K, 1 young (1024K), 1 survivors (1024K)
 Metaspace       used 11920K, capacity 12152K, committed 12416K, reserved 1060864K
  class space    used 1266K, capacity 1313K, committed 1408K, reserved 1048576K
}
Event: 45.898 GC heap before
{Heap before GC invocations=459 (full 0):
 garbage-first heap   total 135168K, used 57279K [0x00000000c1600000, 0x0000000100000000)
  region size 1024K, 4 young (4096K), 1 survivors (1024K)
 Metaspace       used 11920K, capacity 12152K, committed 12416K, reserved 1060864K
  class space    used 1266K, capacity 1313K, committed 1408K, reserved 1048576K
}
Event: 45.898 GC heap after
{Heap after GC invocations=460 (full 0):
 garbage-first heap   total 135168K, used 34752K [0x00000000c1600000, 0x0000000100000000)
  region size 1024K, 1 young (1024K), 1 survivors (1024K)
 Metaspace       used 11920K, capacity 12152K, committed 12416K, reserved 1060864K
  class space    used 1266K, capacity 1313K, committed 1408K, reserved 1048576K
}
Event: 45.938 GC heap before
{Heap before GC invocations=461 (full 0):
 garbage-first heap   total 135168K, used 57280K [0x00000000c1600000, 0x0000000100000000)
  region size 1024K, 4 young (4096K), 1 survivors (1024K)
 Metaspace       used 11920K, capacity 12152K, committed 12416K, reserved 1060864K
  class space    used 1266K, capacity 1313K, committed 1408K, reserved 1048576K
}
Event: 45.938 GC heap after
{Heap after GC invocations=462 (full 0):
 garbage-first heap   total 135168K, used 34749K [0x00000000c1600000, 0x0000000100000000)
  region size 1024K, 1 young (1024K), 1 survivors (1024K)
 Metaspace       used 11920K, capacity 12152K, committed 12416K, reserved 1060864K
  class space    used 1266K, capacity 1313K, committed 1408K, reserved 1048576K
}
Event: 45.977 GC heap before
{Heap before GC invocations=463 (full 0):
 garbage-first heap   total 135168K, used 57277K [0x00000000c1600000, 0x0000000100000000)
  region size 1024K, 4 young (4096K), 1 survivors (1024K)
 Metaspace       used 11920K, capacity 12152K, committed 12416K, reserved 1060864K
  class space    used 1266K, capacity 1313K, committed 1408K, reserved 1048576K
}
Event: 45.977 GC heap after
{Heap after GC invocations=464 (full 0):
 garbage-first heap   total 135168K, used 34749K [0x00000000c1600000, 0x0000000100000000)
  region size 1024K, 1 young (1024K), 1 survivors (1024K)
 Metaspace       used 11920K, capacity 12152K, committed 12416K, reserved 1060864K
  class space    used 1266K, capacity 1313K, committed 1408K, reserved 1048576K
}
Event: 46.017 GC heap before
{Heap before GC invocations=465 (full 0):
 garbage-first heap   total 135168K, used 57277K [0x00000000c1600000, 0x0000000100000000)
  region size 1024K, 4 young (4096K), 1 survivors (1024K)
 Metaspace       used 11920K, capacity 12152K, committed 12416K, reserved 1060864K
  class space    used 1266K, capacity 1313K, committed 1408K, reserved 1048576K
}
Event: 46.017 GC heap after
{Heap after GC invocations=466 (full 0):
 garbage-first heap   total 135168K, used 34749K [0x00000000c1600000, 0x0000000100000000)
  region size 1024K, 1 young (1024K), 1 survivors (1024K)
 Metaspace       used 11920K, capacity 12152K, committed 12416K, reserved 1060864K
  class space    used 1266K, capacity 1313K, committed 1408K, reserved 1048576K
}
Event: 46.056 GC heap before
{Heap before GC invocations=467 (full 0):
 garbage-first heap   total 135168K, used 57277K [0x00000000c1600000, 0x0000000100000000)
  region size 1024K, 4 young (4096K), 1 survivors (1024K)
 Metaspace       used 11920K, capacity 12152K, committed 12416K, reserved 1060864K
  class space    used 1266K, capacity 1313K, committed 1408K, reserved 1048576K
}
Event: 46.057 GC heap after
{Heap after GC invocations=468 (full 0):
 garbage-first heap   total 135168K, used 34749K [0x00000000c1600000, 0x0000000100000000)
  region size 1024K, 1 young (1024K), 1 survivors (1024K)
 Metaspace       used 11920K, capacity 12152K, committed 12416K, reserved 1060864K
  class space    used 1266K, capacity 1313K, committed 1408K, reserved 1048576K
}
Event: 46.092 GC heap before
{Heap before GC invocations=469 (full 0):
 garbage-first heap   total 135168K, used 57277K [0x00000000c1600000, 0x0000000100000000)
  region size 1024K, 4 young (4096K), 1 survivors (1024K)
 Metaspace       used 11920K, capacity 12152K, committed 12416K, reserved 1060864K
  class space    used 1266K, capacity 1313K, committed 1408K, reserved 1048576K
}
Event: 46.093 GC heap after
{Heap after GC invocations=470 (full 0):
 garbage-first heap   total 135168K, used 34749K [0x00000000c1600000, 0x0000000100000000)
  region size 1024K, 1 young (1024K), 1 survivors (1024K)
 Metaspace       used 11920K, capacity 12152K, committed 12416K, reserved 1060864K
  class space    used 1266K, capacity 1313K, committed 1408K, reserved 1048576K
}
Event: 46.134 GC heap before
{Heap before GC invocations=471 (full 0):
 garbage-first heap   total 135168K, used 57277K [0x00000000c1600000, 0x0000000100000000)
  region size 1024K, 4 young (4096K), 1 survivors (1024K)
 Metaspace       used 11920K, capacity 12152K, committed 12416K, reserved 1060864K
  class space    used 1266K, capacity 1313K, committed 1408K, reserved 1048576K
}
Event: 46.134 GC heap after
{Heap after GC invocations=472 (full 0):
 garbage-first heap   total 135168K, used 34752K [0x00000000c1600000, 0x0000000100000000)
  region size 1024K, 1 young (1024K), 1 survivors (1024K)
 Metaspace       used 11920K, capacity 12152K, committed 12416K, reserved 1060864K
  class space    used 1266K, capacity 1313K, committed 1408K, reserved 1048576K
}
Event: 46.170 GC heap before
{Heap before GC invocations=473 (full 0):
 garbage-first heap   total 135168K, used 57280K [0x00000000c1600000, 0x0000000100000000)
  region size 1024K, 4 young (4096K), 1 survivors (1024K)
 Metaspace       used 11920K, capacity 12152K, committed 12416K, reserved 1060864K
  class space    used 1266K, capacity 1313K, committed 1408K, reserved 1048576K
}
Event: 46.170 GC heap after
{Heap after GC invocations=474 (full 0):
 garbage-first heap   total 135168K, used 34752K [0x00000000c1600000, 0x0000000100000000)
  region size 1024K, 1 young (1024K), 1 survivors (1024K)
 Metaspace       used 11920K, capacity 12152K, committed 12416K, reserved 1060864K
  class space    used 1266K, capacity 1313K, committed 1408K, reserved 1048576K
}
Event: 46.213 GC heap before
{Heap before GC invocations=475 (full 0):
 garbage-first heap   total 135168K, used 57280K [0x00000000c1600000, 0x0000000100000000)
  region size 1024K, 4 young (4096K), 1 survivors (1024K)
 Metaspace       used 11920K, capacity 12152K, committed 12416K, reserved 1060864K
  class space    used 1266K, capacity 1313K, committed 1408K, reserved 1048576K
}
Event: 46.214 GC heap after
{Heap after GC invocations=476 (full 0):
 garbage-first heap   total 135168K, used 34754K [0x00000000c1600000, 0x0000000100000000)
  region size 1024K, 1 young (1024K), 1 survivors (1024K)
 Metaspace       used 11920K, capacity 12152K, committed 12416K, reserved 1060864K
  class space    used 1266K, capacity 1313K, committed 1408K, reserved 1048576K
}

